0 info it worked if it ends with ok
1 verbose cli [ 'node', '/usr/local/bin/npm', 'start' ]
2 info using npm@3.4.0
3 info using node@v0.10.29
4 verbose run-script [ 'prestart', 'start', 'poststart' ]
5 info lifecycle Elaio@0.1.0~prestart: Elaio@0.1.0
6 silly lifecycle Elaio@0.1.0~prestart: no script for prestart, continuing
7 info lifecycle Elaio@0.1.0~start: Elaio@0.1.0
8 verbose lifecycle Elaio@0.1.0~start: unsafe-perm in lifecycle true
9 verbose lifecycle Elaio@0.1.0~start: PATH: /usr/local/lib/node_modules/npm/bin/node-gyp-bin:/Users/elenatorro/Documents/projects/elaio/node_modules/.bin:/usr/local/bin:/Users/elenatorro/.rvm/gems/ruby-2.1.2/bin:/Users/elenatorro/.rvm/gems/ruby-2.1.2@global/bin:/Users/elenatorro/.rvm/rubies/ruby-2.1.2/bin:/usr/local/bin:/usr/bin:/bin:/usr/sbin:/sbin:/opt/X11/bin:/usr/texbin:/Users/elenatorro/.rvm/bin:/Users/elenatorro/dotfiles/utils:/usr/local/opt/coreutils/libexec/gnubin
10 verbose lifecycle Elaio@0.1.0~start: CWD: /Users/elenatorro/Documents/projects/elaio
11 silly lifecycle Elaio@0.1.0~start: Args: [ '-c', 'node app.js' ]
12 silly lifecycle Elaio@0.1.0~start: Returned: code: 8  signal: null
13 info lifecycle Elaio@0.1.0~start: Failed to exec start script
14 verbose stack Error: Elaio@0.1.0 start: `node app.js`
14 verbose stack Exit status 8
14 verbose stack     at EventEmitter.<anonymous> (/usr/local/lib/node_modules/npm/lib/utils/lifecycle.js:232:16)
14 verbose stack     at EventEmitter.emit (events.js:98:17)
14 verbose stack     at ChildProcess.<anonymous> (/usr/local/lib/node_modules/npm/lib/utils/spawn.js:24:14)
14 verbose stack     at ChildProcess.emit (events.js:98:17)
14 verbose stack     at maybeClose (child_process.js:755:16)
14 verbose stack     at Process.ChildProcess._handle.onexit (child_process.js:822:5)
15 verbose pkgid Elaio@0.1.0
16 verbose cwd /Users/elenatorro/Documents/projects/elaio
17 error Darwin 14.5.0
18 error argv "node" "/usr/local/bin/npm" "start"
19 error node v0.10.29
20 error npm  v3.4.0
21 error code ELIFECYCLE
22 error Elaio@0.1.0 start: `node app.js`
22 error Exit status 8
23 error Failed at the Elaio@0.1.0 start script 'node app.js'.
23 error Make sure you have the latest version of node.js and npm installed.
23 error If you do, this is most likely a problem with the Elaio package,
23 error not with npm itself.
23 error Tell the author that this fails on your system:
23 error     node app.js
23 error You can get their info via:
23 error     npm owner ls Elaio
23 error There is likely additional logging output above.
24 verbose exit [ 1, true ]
